<?xml version="1.0" encoding="UTF-8"?>
<!-- Generated by org.testng.reporters.JUnitReportReporter -->
<testsuite hostname="Sufiyaan-Lappy" failures="0" tests="2" name="Demo.OrangeHRM" time="5.505" errors="0" timestamp="2024-04-04T16:01:37 IST" skipped="0">
  <testcase classname="Demo.OrangeHRM" name="loginWithInalidData" time="4.194"/>
  <testcase classname="Demo.OrangeHRM" name="loginTestWthvaliData" time="1.311"/>
</testsuite> <!-- Demo.OrangeHRM -->
